[0m15:55:33.242134 [debug] [MainThread]: Sending event: {'category': 'dbt', 'action': 'invocation', 'label': 'start', 'context': [<snowplow_tracker.self_describing_json.SelfDescribingJson object at 0x10c219c90>, <snowplow_tracker.self_describing_json.SelfDescribingJson object at 0x10bee9e90>, <snowplow_tracker.self_describing_json.SelfDescribingJson object at 0x10c203190>]}


============================== 15:55:33.257281 | 19332a5f-25eb-459e-8c6c-026a22ae3102 ==============================
[0m15:55:33.257281 [info ] [MainThread]: Running with dbt=1.11.10
[0m15:55:33.257516 [debug] [MainThread]: running dbt with arguments {'empty': 'None', 'indirect_selection': 'eager', 'version_check': 'True', 'introspect': 'True', 'target_path': 'None', 'log_cache_events': 'False', 'profiles_dir': '/Users/thomas/.dbt', 'printer_width': '80', 'use_experimental_parser': 'False', 'fail_fast': 'False', 'debug': 'False', 'write_json': 'True', 'quiet': 'False', 'warn_error': 'None', 'use_colors': 'True', 'warn_error_options': 'WarnErrorOptionsV2(error=[], warn=[], silence=[])', 'no_print': 'None', 'cache_selected_only': 'False', 'invocation_command': 'dbt init', 'log_path': 'logs', 'static_parser': 'True', 'log_format': 'default', 'partial_parse': 'True', 'send_anonymous_usage_stats': 'True'}
[0m15:55:33.278398 [info ] [MainThread]: Creating dbt configuration folder at /Users/thomas/.dbt
[0m15:56:03.681971 [debug] [MainThread]: Starter project path: /Users/thomas/PycharmProjects/ecommerce-project/.venv/lib/python3.11/site-packages/dbt/include/starter_project
[0m15:56:03.690228 [info ] [MainThread]: 
Your new dbt project "ecommerce" was created!

For more information on how to configure the profiles.yml file,
please consult the dbt documentation here:

  https://docs.getdbt.com/docs/configure-your-profile

One more thing:

Need help? Don't hesitate to reach out to us via GitHub issues or on Slack:

  https://community.getdbt.com/

Happy modeling!

[0m15:56:03.691172 [info ] [MainThread]: Setting up your profile.
[0m15:58:11.301437 [info ] [MainThread]: Profile ecommerce written to /Users/thomas/.dbt/profiles.yml using target's profile_template.yml and your supplied values. Run 'dbt debug' to validate the connection.
[0m15:58:11.306269 [debug] [MainThread]: Resource report: {"command_name": "init", "command_success": true, "command_wall_clock_time": 158.10136, "process_in_blocks": "0", "process_kernel_time": 0.336894, "process_mem_max_rss": "140427264", "process_out_blocks": "0", "process_user_time": 1.338953}
[0m15:58:11.308293 [debug] [MainThread]: Command `dbt init` succeeded at 15:58:11.307981 after 158.10 seconds
[0m15:58:11.309488 [debug] [MainThread]: Sending event: {'category': 'dbt', 'action': 'invocation', 'label': 'end', 'context': [<snowplow_tracker.self_describing_json.SelfDescribingJson object at 0x10bed6e10>, <snowplow_tracker.self_describing_json.SelfDescribingJson object at 0x10c218b90>, <snowplow_tracker.self_describing_json.SelfDescribingJson object at 0x103861850>]}
[0m15:58:11.310322 [debug] [MainThread]: Flushing usage events
[0m15:58:11.942707 [debug] [MainThread]: An error was encountered while trying to flush usage events
